
> frontend@0.0.0 build
> tsc -b && vite build

src/api/api.ts(108,28): error TS6133: 'username' is declared but its value is never read.
vite.config.ts(8,3): error TS2769: No overload matches this call.
  The last overload gave the following error.
    Object literal may only specify known properties, and 'test' does not exist in type 'UserConfigExport'.
